<?xml version="1.0" encoding="UTF-8"?>
<testng-results ignored="0" total="1" passed="1" failed="0" skipped="0">
  <reporter-output>
    <line>
      <![CDATA[Executing testA]]>
    </line>
  </reporter-output>
  <suite started-at="2023-06-26T08:43:59Z" name="Default suite" finished-at="2023-06-26T08:44:03Z" duration-ms="3625">
    <groups>
    </groups>
    <test started-at="2023-06-26T08:43:59Z" name="Default test" finished-at="2023-06-26T08:44:03Z" duration-ms="3625">
      <class name="pos.scripts.Demo1">
        <test-method is-config="true" signature="initReport(java.lang.String)[pri:0, instance:pos.scripts.Demo1@72c8e7b]" started-at="2023-06-26T08:43:59Z" name="initReport" finished-at="2023-06-26T08:43:59Z" duration-ms="181" status="PASS">
          <params>
            <param index="0">
              <value>
                <![CDATA[./target/Spark.html]]>
              </value>
            </param>
          </params>
          <reporter-output>
          </reporter-output>
        </test-method> <!-- initReport -->
        <test-method is-config="true" signature="preCondition(java.lang.String, java.lang.String, java.lang.String, java.lang.reflect.Method)[pri:0, instance:pos.scripts.Demo1@72c8e7b]" started-at="2023-06-26T08:43:59Z" name="preCondition" finished-at="2023-06-26T08:44:02Z" duration-ms="3468" status="PASS">
          <params>
            <param index="0">
              <value>
                <![CDATA[https://student1.aksharatraining.in/pos/public/#]]>
              </value>
            </param>
            <param index="1">
              <value>
                <![CDATA[no]]>
              </value>
            </param>
            <param index="2">
              <value>
                <![CDATA[qa.properties]]>
              </value>
            </param>
            <param index="3">
              <value>
                <![CDATA[public void pos.scripts.Demo1.testA() throws java.lang.InterruptedException]]>
              </value>
            </param>
          </params>
          <reporter-output>
          </reporter-output>
        </test-method> <!-- preCondition -->
        <test-method signature="testA()[pri:0, instance:pos.scripts.Demo1@72c8e7b]" started-at="2023-06-26T08:44:02Z" name="testA" finished-at="2023-06-26T08:44:02Z" duration-ms="4" status="PASS">
          <reporter-output>
            <line>
              <![CDATA[Executing testA]]>
            </line>
          </reporter-output>
        </test-method> <!-- testA -->
        <test-method is-config="true" signature="postCondition(org.testng.ITestResult)[pri:0, instance:pos.scripts.Demo1@72c8e7b]" started-at="2023-06-26T08:44:02Z" name="postCondition" finished-at="2023-06-26T08:44:03Z" duration-ms="142" status="PASS">
          <params>
            <param index="0">
              <value>
                <![CDATA[[TestResult name=testA status=SUCCESS method=Demo1.testA()[pri:0, instance:pos.scripts.Demo1@72c8e7b] output=Executing testA]]]>
              </value>
            </param>
          </params>
          <reporter-output>
          </reporter-output>
        </test-method> <!-- postCondition -->
        <test-method is-config="true" signature="generateReport()[pri:0, instance:pos.scripts.Demo1@72c8e7b]" started-at="2023-06-26T08:44:03Z" name="generateReport" finished-at="2023-06-26T08:44:03Z" duration-ms="244" status="PASS">
          <reporter-output>
          </reporter-output>
        </test-method> <!-- generateReport -->
      </class> <!-- pos.scripts.Demo1 -->
    </test> <!-- Default test -->
  </suite> <!-- Default suite -->
</testng-results>
